# JRE version: Java(TM) SE Runtime Environment (17.0.16+12) (build 17.0.16+12-LTS-247)
# Java VM: Java HotSpot(TM) 64-Bit Server VM (17.0.16+12-LTS-247, mixed mode, sharing, tiered, compressed oops, compressed class ptrs, g1 gc, windows-amd64)
GC Precious Log:
 CPUs: 4 total, 4 available
 Memory: 3975M
 Large Page Support: Disabled
 NUMA Support: Disabled
 Compressed Oops: Enabled (32-bit)
 Heap Region Size: 1M
 Heap Min Capacity: 8M
 Heap Initial Capacity: 64M
 Heap Max Capacity: 994M
 Pre-touch: Disabled
 Parallel Workers: 4
 Concurrent Workers: 1
 Concurrent Refinement Workers: 4
 Periodic GC: Disabled
Heap:
 garbage-first heap   total 94208K, used 54235K [0x00000000c1e00000, 0x0000000100000000)
  region size 1024K, 16 young (16384K), 1 survivors (1024K)
 Metaspace       used 73940K, committed 74496K, reserved 1114112K
  class space    used 10287K, committed 10560K, reserved 1048576K
GC Heap History (20 events):
Event: 33.646 GC heap before
{Heap before GC invocations=26 (full 0):
 garbage-first heap   total 61440K, used 47245K [0x00000000c1e00000, 0x0000000100000000)
  region size 1024K, 12 young (12288K), 3 survivors (3072K)
 Metaspace       used 66924K, committed 67456K, reserved 1114112K
  class space    used 9341K, committed 9600K, reserved 1048576K
}
Event: 33.653 GC heap after
{Heap after GC invocations=27 (full 0):
 garbage-first heap   total 73728K, used 39060K [0x00000000c1e00000, 0x0000000100000000)
  region size 1024K, 1 young (1024K), 1 survivors (1024K)
 Metaspace       used 66924K, committed 67456K, reserved 1114112K
  class space    used 9341K, committed 9600K, reserved 1048576K
}
Event: 34.143 GC heap before
{Heap before GC invocations=28 (full 0):
 garbage-first heap   total 73728K, used 54420K [0x00000000c1e00000, 0x0000000100000000)
  region size 1024K, 16 young (16384K), 1 survivors (1024K)
 Metaspace       used 66924K, committed 67456K, reserved 1114112K
  class space    used 9341K, committed 9600K, reserved 1048576K
}
Event: 34.152 GC heap after
{Heap after GC invocations=29 (full 0):
 garbage-first heap   total 73728K, used 42504K [0x00000000c1e00000, 0x0000000100000000)
  region size 1024K, 2 young (2048K), 2 survivors (2048K)
 Metaspace       used 66924K, committed 67456K, reserved 1114112K
  class space    used 9341K, committed 9600K, reserved 1048576K
}
Event: 34.232 GC heap before
{Heap before GC invocations=29 (full 0):
 garbage-first heap   total 73728K, used 55816K [0x00000000c1e00000, 0x0000000100000000)
  region size 1024K, 15 young (15360K), 2 survivors (2048K)
 Metaspace       used 66926K, committed 67520K, reserved 1114112K
  class space    used 9341K, committed 9600K, reserved 1048576K
}
Event: 34.242 GC heap after
{Heap after GC invocations=30 (full 0):
 garbage-first heap   total 73728K, used 46326K [0x00000000c1e00000, 0x0000000100000000)
  region size 1024K, 2 young (2048K), 2 survivors (2048K)
 Metaspace       used 66926K, committed 67520K, reserved 1114112K
  class space    used 9341K, committed 9600K, reserved 1048576K
}
Event: 34.333 GC heap before
{Heap before GC invocations=30 (full 0):
 garbage-first heap   total 73728K, used 55542K [0x00000000c1e00000, 0x0000000100000000)
  region size 1024K, 11 young (11264K), 2 survivors (2048K)
 Metaspace       used 66927K, committed 67520K, reserved 1114112K
  class space    used 9341K, committed 9600K, reserved 1048576K
}
Event: 34.344 GC heap after
{Heap after GC invocations=31 (full 0):
 garbage-first heap   total 73728K, used 49974K [0x00000000c1e00000, 0x0000000100000000)
  region size 1024K, 2 young (2048K), 2 survivors (2048K)
 Metaspace       used 66927K, committed 67520K, reserved 1114112K
  class space    used 9341K, committed 9600K, reserved 1048576K
}
Event: 34.403 GC heap before
{Heap before GC invocations=31 (full 0):
 garbage-first heap   total 94208K, used 55094K [0x00000000c1e00000, 0x0000000100000000)
  region size 1024K, 9 young (9216K), 2 survivors (2048K)
 Metaspace       used 66930K, committed 67520K, reserved 1114112K
  class space    used 9341K, committed 9600K, reserved 1048576K
}
Event: 34.411 GC heap after
{Heap after GC invocations=32 (full 0):
 garbage-first heap   total 94208K, used 48572K [0x00000000c1e00000, 0x0000000100000000)
  region size 1024K, 1 young (1024K), 1 survivors (1024K)
 Metaspace       used 66930K, committed 67520K, reserved 1114112K
  class space    used 9341K, committed 9600K, reserved 1048576K
}
Event: 35.709 GC heap before
{Heap before GC invocations=33 (full 0):
 garbage-first heap   total 94208K, used 67004K [0x00000000c1e00000, 0x0000000100000000)
  region size 1024K, 20 young (20480K), 1 survivors (1024K)
 Metaspace       used 68766K, committed 69248K, reserved 1114112K
  class space    used 9565K, committed 9792K, reserved 1048576K
}
Event: 35.714 GC heap after
{Heap after GC invocations=34 (full 0):
 garbage-first heap   total 94208K, used 48850K [0x00000000c1e00000, 0x0000000100000000)
  region size 1024K, 1 young (1024K), 1 survivors (1024K)
 Metaspace       used 68766K, committed 69248K, reserved 1114112K
  class space    used 9565K, committed 9792K, reserved 1048576K
}
Event: 36.063 GC heap before
{Heap before GC invocations=34 (full 0):
 garbage-first heap   total 94208K, used 51922K [0x00000000c1e00000, 0x0000000100000000)
  region size 1024K, 4 young (4096K), 1 survivors (1024K)
 Metaspace       used 68899K, committed 69440K, reserved 1114112K
  class space    used 9569K, committed 9792K, reserved 1048576K
}
Event: 36.067 GC heap after
{Heap after GC invocations=35 (full 0):
 garbage-first heap   total 94208K, used 47034K [0x00000000c1e00000, 0x0000000100000000)
  region size 1024K, 1 young (1024K), 1 survivors (1024K)
 Metaspace       used 68899K, committed 69440K, reserved 1114112K
  class space    used 9569K, committed 9792K, reserved 1048576K
}
Event: 38.205 GC heap before
{Heap before GC invocations=35 (full 0):
 garbage-first heap   total 94208K, used 69562K [0x00000000c1e00000, 0x0000000100000000)
  region size 1024K, 23 young (23552K), 1 survivors (1024K)
 Metaspace       used 71576K, committed 72128K, reserved 1114112K
  class space    used 9949K, committed 10240K, reserved 1048576K
}
Event: 38.218 GC heap after
{Heap after GC invocations=36 (full 0):
 garbage-first heap   total 94208K, used 49022K [0x00000000c1e00000, 0x0000000100000000)
  region size 1024K, 3 young (3072K), 3 survivors (3072K)
 Metaspace       used 71576K, committed 72128K, reserved 1114112K
  class space    used 9949K, committed 10240K, reserved 1048576K
}
Event: 100.085 GC heap before
{Heap before GC invocations=37 (full 0):
 garbage-first heap   total 94208K, used 69502K [0x00000000c1e00000, 0x0000000100000000)
  region size 1024K, 25 young (25600K), 3 survivors (3072K)
 Metaspace       used 73860K, committed 74432K, reserved 1114112K
  class space    used 10287K, committed 10560K, reserved 1048576K
}
Event: 100.393 GC heap after
{Heap after GC invocations=38 (full 0):
 garbage-first heap   total 94208K, used 48423K [0x00000000c1e00000, 0x0000000100000000)
  region size 1024K, 4 young (4096K), 4 survivors (4096K)
 Metaspace       used 73860K, committed 74432K, reserved 1114112K
  class space    used 10287K, committed 10560K, reserved 1048576K
}
Event: 116.903 GC heap before
{Heap before GC invocations=38 (full 0):
 garbage-first heap   total 94208K, used 49447K [0x00000000c1e00000, 0x0000000100000000)
  region size 1024K, 5 young (5120K), 4 survivors (4096K)
 Metaspace       used 73864K, committed 74432K, reserved 1114112K
  class space    used 10287K, committed 10560K, reserved 1048576K
}
Event: 116.937 GC heap after
{Heap after GC invocations=39 (full 0):
 garbage-first heap   total 94208K, used 39899K [0x00000000c1e00000, 0x0000000100000000)
  region size 1024K, 1 young (1024K), 1 survivors (1024K)
 Metaspace       used 73864K, committed 74432K, reserved 1114112K
  class space    used 10287K, committed 10560K, reserved 1048576K
}

